<?xml version="1.0" encoding="UTF-8"?>
<testsuite xmlns:xsi="http://www.w3.org/2001/XMLSchema-instance" xsi:noNamespaceSchemaLocation="https://maven.apache.org/surefire/maven-surefire-plugin/xsd/surefire-test-report.xsd" version="3.0.2" name="com.graphql.dataloader.dataloaderdemo.DataloaderdemoApplicationTests" time="0.716" tests="1" errors="0" skipped="0" failures="0">
  <properties>
[...]
</properties>
  <testcase name="contextLoads" classname="com.graphql.dataloader.dataloaderdemo.DataloaderdemoApplicationTests" time="0.291">
    <system-out><![CDATA[19:47:22.385 [main] INFO org.springframework.test.context.support.AnnotationConfigContextLoaderUtils -- Could not detect default configuration classes for test class [com.graphql.dataloader.dataloaderdemo.DataloaderdemoApplicationTests]: DataloaderdemoApplicationTests does not declare any static, non-private, non-final, nested classes annotated with @Configuration.
19:47:22.422 [main] INFO org.springframework.boot.test.context.SpringBootTestContextBootstrapper -- Found @SpringBootConfiguration com.graphql.dataloader.dataloaderdemo.DataloaderdemoApplication for test class com.graphql.dataloader.dataloaderdemo.DataloaderdemoApplicationTests
19:47:22.471 [main] INFO org.springframework.boot.devtools.restart.RestartApplicationListener -- Restart disabled due to context in which it is running

  .   ____          _            __ _ _
 /\\ / ___'_ __ _ _(_)_ __  __ _ \ \ \ \
( ( )\___ | '_ | '_| | '_ \/ _` | \ \ \ \
 \\/  ___)| |_)| | | | | || (_| |  ) ) ) )
  '  |____| .__|_| |_|_| |_\__, | / / / /
 =========|_|==============|___/=/_/_/_/

 :: Spring Boot ::       (v4.0.0-SNAPSHOT)

2025-07-21T19:47:22.557-07:00  INFO 11132 --- [dataloaderdemo] [           main] c.g.d.d.DataloaderdemoApplicationTests   : Starting DataloaderdemoApplicationTests using Java 21.0.8 with PID 11132 (started by shane in /home/shane/repo/spring_kickstart/GraphSpringInitializer)
2025-07-21T19:47:22.557-07:00  INFO 11132 --- [dataloaderdemo] [           main] c.g.d.d.DataloaderdemoApplicationTests   : No active profile set, falling back to 1 default profile: "default"
2025-07-21T19:47:22.746-07:00  INFO 11132 --- [dataloaderdemo] [           main] c.g.d.d.DataloaderdemoApplicationTests   : Started DataloaderdemoApplicationTests in 0.277 seconds (process running for 0.615)
]]></system-out>
    <system-err><![CDATA[Mockito is currently self-attaching to enable the inline-mock-maker. This will no longer work in future releases of the JDK. Please add Mockito as an agent to your build as described in Mockito's documentation: https://javadoc.io/doc/org.mockito/mockito-core/latest/org.mockito/org/mockito/Mockito.html#0.3
WARNING: A Java agent has been loaded dynamically (/home/shane/.m2/repository/net/bytebuddy/byte-buddy-agent/1.17.6/byte-buddy-agent-1.17.6.jar)
WARNING: If a serviceability tool is in use, please run with -XX:+EnableDynamicAgentLoading to hide this warning
WARNING: If a serviceability tool is not in use, please run with -Djdk.instrument.traceUsage for more information
WARNING: Dynamic loading of agents will be disallowed by default in a future release
]]></system-err>
  </testcase>
</testsuite>